<?xml version="1.0" encoding="UTF-8"?>
<!-- Generated by org.testng.reporters.JUnitReportReporter -->
<testsuite hostname="rutisqq390" failures="0" tests="1" name="Post_Assesment.Key_Class" time="44.688" errors="0" timestamp="2021-09-22T12:46:26 IST" skipped="0">
  <testcase classname="Post_Assesment.Key_Class" name="Actions" time="44.688"/>
  <system-out/>
</testsuite> <!-- Post_Assesment.Key_Class -->
