<?xml version="1.0" encoding="UTF-8"?>
<!-- Generated by org.testng.reporters.JUnitReportReporter -->
<testsuite hostname="rutisqq390" failures="0" tests="1" name="Trello_Boards.Trello.Team_Antman$AllTrelloTest" time="53.340" errors="0" timestamp="2021-09-19T17:04:31 IST" skipped="0">
  <testcase classname="Trello_Boards.Trello.Team_Antman$AllTrelloTest" name="LoginTest" time="53.340"/>
  <system-out/>
</testsuite> <!-- Trello_Boards.Trello.Team_Antman$AllTrelloTest -->
